# JRE version: Java(TM) SE Runtime Environment (8.0_212-b10) (build 1.8.0_212-b10)
# Java VM: Java HotSpot(TM) 64-Bit Server VM (25.212-b10 mixed mode windows-amd64 compressed oops)
Heap:
 PSYoungGen      total 36864K, used 22421K [0x00000000d6f80000, 0x00000000da700000, 0x0000000100000000)
  eden space 31744K, 54% used [0x00000000d6f80000,0x00000000d8068c78,0x00000000d8e80000)
  from space 5120K, 99% used [0x00000000d8e80000,0x00000000d937c938,0x00000000d9380000)
  to   space 5120K, 0% used [0x00000000da200000,0x00000000da200000,0x00000000da700000)
 ParOldGen       total 34304K, used 2491K [0x0000000084e00000, 0x0000000086f80000, 0x00000000d6f80000)
  object space 34304K, 7% used [0x0000000084e00000,0x000000008506edd8,0x0000000086f80000)
 Metaspace       used 13960K, capacity 14228K, committed 14464K, reserved 1064960K
  class space    used 1728K, capacity 1813K, committed 1920K, reserved 1048576K
GC Heap History (8 events):
Event: 1.712 GC heap before
{Heap before GC invocations=1 (full 0):
 PSYoungGen      total 36864K, used 9777K [0x00000000d6f80000, 0x00000000d9880000, 0x0000000100000000)
  eden space 31744K, 30% used [0x00000000d6f80000,0x00000000d790c688,0x00000000d8e80000)
  from space 5120K, 0% used [0x00000000d9380000,0x00000000d9380000,0x00000000d9880000)
  to   space 5120K, 0% used [0x00000000d8e80000,0x00000000d8e80000,0x00000000d9380000)
 ParOldGen       total 84992K, used 0K [0x0000000084e00000, 0x000000008a100000, 0x00000000d6f80000)
  object space 84992K, 0% used [0x0000000084e00000,0x0000000084e00000,0x000000008a100000)
 Metaspace       used 5587K, capacity 5752K, committed 5888K, reserved 1060864K
  class space    used 594K, capacity 668K, committed 768K, reserved 1048576K
Event: 1.715 GC heap after
Heap after GC invocations=1 (full 0):
 PSYoungGen      total 36864K, used 2252K [0x00000000d6f80000, 0x00000000d9880000, 0x0000000100000000)
  eden space 31744K, 0% used [0x00000000d6f80000,0x00000000d6f80000,0x00000000d8e80000)
  from space 5120K, 43% used [0x00000000d8e80000,0x00000000d90b3248,0x00000000d9380000)
  to   space 5120K, 0% used [0x00000000d9380000,0x00000000d9380000,0x00000000d9880000)
 ParOldGen       total 84992K, used 8K [0x0000000084e00000, 0x000000008a100000, 0x00000000d6f80000)
  object space 84992K, 0% used [0x0000000084e00000,0x0000000084e02000,0x000000008a100000)
 Metaspace       used 5587K, capacity 5752K, committed 5888K, reserved 1060864K
  class space    used 594K, capacity 668K, committed 768K, reserved 1048576K
}
Event: 1.715 GC heap before
{Heap before GC invocations=2 (full 1):
 PSYoungGen      total 36864K, used 2252K [0x00000000d6f80000, 0x00000000d9880000, 0x0000000100000000)
  eden space 31744K, 0% used [0x00000000d6f80000,0x00000000d6f80000,0x00000000d8e80000)
  from space 5120K, 43% used [0x00000000d8e80000,0x00000000d90b3248,0x00000000d9380000)
  to   space 5120K, 0% used [0x00000000d9380000,0x00000000d9380000,0x00000000d9880000)
 ParOldGen       total 84992K, used 8K [0x0000000084e00000, 0x000000008a100000, 0x00000000d6f80000)
  object space 84992K, 0% used [0x0000000084e00000,0x0000000084e02000,0x000000008a100000)
 Metaspace       used 5587K, capacity 5752K, committed 5888K, reserved 1060864K
  class space    used 594K, capacity 668K, committed 768K, reserved 1048576K
Event: 1.726 GC heap after
Heap after GC invocations=2 (full 1):
 PSYoungGen      total 36864K, used 0K [0x00000000d6f80000, 0x00000000d9880000, 0x0000000100000000)
  eden space 31744K, 0% used [0x00000000d6f80000,0x00000000d6f80000,0x00000000d8e80000)
  from space 5120K, 0% used [0x00000000d8e80000,0x00000000d8e80000,0x00000000d9380000)
  to   space 5120K, 0% used [0x00000000d9380000,0x00000000d9380000,0x00000000d9880000)
 ParOldGen       total 34304K, used 2096K [0x0000000084e00000, 0x0000000086f80000, 0x00000000d6f80000)
  object space 34304K, 6% used [0x0000000084e00000,0x000000008500c308,0x0000000086f80000)
 Metaspace       used 5587K, capacity 5752K, committed 5888K, reserved 1058816K
  class space    used 594K, capacity 668K, committed 768K, reserved 1048576K
}
Event: 2.388 GC heap before
{Heap before GC invocations=3 (full 1):
 PSYoungGen      total 36864K, used 31744K [0x00000000d6f80000, 0x00000000d9880000, 0x0000000100000000)
  eden space 31744K, 100% used [0x00000000d6f80000,0x00000000d8e80000,0x00000000d8e80000)
  from space 5120K, 0% used [0x00000000d8e80000,0x00000000d8e80000,0x00000000d9380000)
  to   space 5120K, 0% used [0x00000000d9380000,0x00000000d9380000,0x00000000d9880000)
 ParOldGen       total 34304K, used 2096K [0x0000000084e00000, 0x0000000086f80000, 0x00000000d6f80000)
  object space 34304K, 6% used [0x0000000084e00000,0x000000008500c308,0x0000000086f80000)
 Metaspace       used 9176K, capacity 9410K, committed 9728K, reserved 1060864K
  class space    used 1107K, capacity 1182K, committed 1280K, reserved 1048576K
Event: 2.392 GC heap after
Heap after GC invocations=3 (full 1):
 PSYoungGen      total 36864K, used 3723K [0x00000000d6f80000, 0x00000000da400000, 0x0000000100000000)
  eden space 31744K, 0% used [0x00000000d6f80000,0x00000000d6f80000,0x00000000d8e80000)
  from space 5120K, 72% used [0x00000000d9380000,0x00000000d9722c80,0x00000000d9880000)
  to   space 5120K, 0% used [0x00000000d8e80000,0x00000000d8e80000,0x00000000d9380000)
 ParOldGen       total 34304K, used 2104K [0x0000000084e00000, 0x0000000086f80000, 0x00000000d6f80000)
  object space 34304K, 6% used [0x0000000084e00000,0x000000008500e308,0x0000000086f80000)
 Metaspace       used 9176K, capacity 9410K, committed 9728K, reserved 1060864K
  class space    used 1107K, capacity 1182K, committed 1280K, reserved 1048576K
}
Event: 2.952 GC heap before
{Heap before GC invocations=4 (full 1):
 PSYoungGen      total 36864K, used 35467K [0x00000000d6f80000, 0x00000000da400000, 0x0000000100000000)
  eden space 31744K, 100% used [0x00000000d6f80000,0x00000000d8e80000,0x00000000d8e80000)
  from space 5120K, 72% used [0x00000000d9380000,0x00000000d9722c80,0x00000000d9880000)
  to   space 5120K, 0% used [0x00000000d8e80000,0x00000000d8e80000,0x00000000d9380000)
 ParOldGen       total 34304K, used 2104K [0x0000000084e00000, 0x0000000086f80000, 0x00000000d6f80000)
  object space 34304K, 6% used [0x0000000084e00000,0x000000008500e308,0x0000000086f80000)
 Metaspace       used 12248K, capacity 12520K, committed 12672K, reserved 1062912K
  class space    used 1498K, capacity 1577K, committed 1664K, reserved 1048576K
Event: 2.957 GC heap after
Heap after GC invocations=4 (full 1):
 PSYoungGen      total 36864K, used 5106K [0x00000000d6f80000, 0x00000000da700000, 0x0000000100000000)
  eden space 31744K, 0% used [0x00000000d6f80000,0x00000000d6f80000,0x00000000d8e80000)
  from space 5120K, 99% used [0x00000000d8e80000,0x00000000d937c938,0x00000000d9380000)
  to   space 5120K, 0% used [0x00000000da200000,0x00000000da200000,0x00000000da700000)
 ParOldGen       total 34304K, used 2491K [0x0000000084e00000, 0x0000000086f80000, 0x00000000d6f80000)
  object space 34304K, 7% used [0x0000000084e00000,0x000000008506edd8,0x0000000086f80000)
 Metaspace       used 12248K, capacity 12520K, committed 12672K, reserved 1062912K
  class space    used 1498K, capacity 1577K, committed 1664K, reserved 1048576K
}

